<?xml version="1.0" encoding="UTF-8"?>
<!-- Generated by org.testng.reporters.JUnitReportReporter -->
<testsuite hostname="PC-20150603XOBU" name="webtest2.webtest2.NewTest" tests="1" failures="0" timestamp="2 Oct 2015 02:53:35 GMT" time="16.358" errors="0">
  <testcase name="f" time="16.358" classname="webtest2.webtest2.NewTest"/>
</testsuite> <!-- webtest2.webtest2.NewTest -->
